<?xml version="1.0" encoding="UTF-8"?>
<robot generator="Robot 4.1.3 (Python 3.9.10 on darwin)" generated="20220313 16:48:53.938" rpa="false" schemaversion="2">
<suite id="s1" name="GorestUsers" source="/Users/enes.aydin/Desktop/firefly-case-study-robotframework/Tests/GorestUsers.robot">
<test id="s1-t1" name="Gorest Get Users">
<kw name="Set Log Level" library="BuiltIn" type="SETUP">
<arg>TRACE</arg>
<doc>Sets the log threshold to the specified level and returns the old level.</doc>
<msg timestamp="20220313 16:48:54.172" level="INFO">Log level changed from DEBUG to TRACE.</msg>
<msg timestamp="20220313 16:48:54.172" level="TRACE">Return: 'DEBUG'</msg>
<status status="PASS" starttime="20220313 16:48:54.172" endtime="20220313 16:48:54.172"/>
</kw>
<kw name="GET" library="RequestsLibrary">
<var>${response}</var>
<arg>${BASE_URL}/users</arg>
<doc>Sends a GET request.</doc>
<msg timestamp="20220313 16:48:54.173" level="TRACE">Arguments: [ 'https://gorest.co.in/public/v1/users' ]</msg>
<msg timestamp="20220313 16:48:54.180" level="DEBUG">Starting new HTTPS connection (1): gorest.co.in:443</msg>
<msg timestamp="20220313 16:48:55.273" level="DEBUG">https://gorest.co.in:443 "GET /public/v1/users HTTP/1.1" 200 None</msg>
<msg timestamp="20220313 16:48:55.276" level="INFO">GET Request : url=https://gorest.co.in/public/v1/users 
 path_url=/public/v1/users 
 headers={'User-Agent': 'python-requests/2.26.0', 'Accept-Encoding': 'gzip, deflate, br', 'Accept': '*/*', 'Connection': 'keep-alive'} 
 body=None 
 </msg>
<msg timestamp="20220313 16:48:55.276" level="INFO">GET Response : url=https://gorest.co.in/public/v1/users 
 status=200, reason=OK 
 headers={'Server': 'nginx', 'Date': 'Sun, 13 Mar 2022 13:48:55 GMT', 'Content-Type': 'application/json; charset=utf-8', 'Transfer-Encoding': 'chunked', 'Connection': 'keep-alive', 'Vary': 'Accept-Encoding, Origin', 'X-Frame-Options': 'SAMEORIGIN', 'X-XSS-Protection': '0', 'X-Content-Type-Options': 'nosniff', 'X-Download-Options': 'noopen', 'X-Permitted-Cross-Domain-Policies': 'none', 'Referrer-Policy': 'strict-origin-when-cross-origin', 'ETag': 'W/"a7c0658a50e7e7431a6765fb2cbf3ba8"', 'Cache-Control': 'max-age=0, private, must-revalidate', 'X-Request-Id': 'ee72893c-0f0d-4c95-a7ca-f955c000db0e', 'X-Runtime': '0.010421', 'Strict-Transport-Security': 'max-age=63072000; includeSubDomains', 'Content-Encoding': 'gzip'} 
 body={"meta":{"pagination":{"total":4108,"pages":206,"page":1,"limit":20,"links":{"previous":null,"current":"https://gorest.co.in/public/v1/users?page=1","next":"https://gorest.co.in/public/v1/users?page=2"}}},"data":[{"id":4190,"name":"Dakshayani Embranthiri","email":"dakshayani_embranthiri@dicki-brakus.org","gender":"male","status":"inactive"},{"id":4189,"name":"Suryakantam Mehrotra","email":"mehrotra_suryakantam@runolfsson.biz","gender":"male","status":"active"},{"id":4188,"name":"Rev. Bhupen Shukla","email":"bhupen_shukla_rev@reichel.co","gender":"male","status":"active"},{"id":4187,"name":"Gudakesha Chopra LLD","email":"lld_chopra_gudakesha@padberg-braun.org","gender":"male","status":"active"},{"id":4186,"name":"Agrata Shukla","email":"shukla_agrata@lueilwitz.net","gender":"female","status":"inactive"},{"id":4185,"name":"Ms. Gautami Mukhopadhyay","email":"gautami_ms_mukhopadhyay@jones-williamson.net","gender":"male","status":"active"},{"id":4184,"name":"Dhanapati Reddy","email":"reddy_dhanapati@stehr-wolf.com","gender":"male","status":"active"},{"id":4183,"name":"Surya Verma","email":"verma_surya@marks.com","gender":"male","status":"inactive"},{"id":4182,"name":"Laxmi Iyer","email":"laxmi_iyer@gleichner.io","gender":"male","status":"inactive"},{"id":4181,"name":"Bhadraksh Shah","email":"bhadraksh_shah@spencer.com","gender":"female","status":"inactive"},{"id":4180,"name":"Purnima Naik","email":"purnima_naik@hudson.info","gender":"female","status":"active"},{"id":4178,"name":"Aaditya Chopra","email":"aaditya_chopra@casper-walter.info","gender":"male","status":"active"},{"id":4177,"name":"Devesh Adiga","email":"devesh_adiga@casper-ohara.info","gender":"male","status":"active"},{"id":4174,"name":"Pres. Poornima Iyer","email":"pres_poornima_iyer@schaden-carroll.net","gender":"male","status":"inactive"},{"id":4173,"name":"Dron Varrier","email":"varrier_dron@wiza.name","gender":"male","status":"active"},{"id":4170,"name":"Agrata Achari Ret.","email":"achari_ret_agrata@bruen-herman.net","gender":"male","status":"inactive"},{"id":4169,"name":"Suresh Panicker","email":"panicker_suresh@nolan-cartwright.biz","gender":"male","status":"inactive"},{"id":4168,"name":"Gudakesa Nambeesan","email":"gudakesa_nambeesan@baumbach-shanahan.net","gender":"male","status":"inactive"},{"id":4167,"name":"The Hon. Brajesh Kocchar","email":"the_hon_kocchar_brajesh@dickens-carter.co","gender":"female","status":"inactive"},{"id":4166,"name":"Anuja Reddy","email":"reddy_anuja@schroeder.org","gender":"male","status":"active"}]} 
 </msg>
<msg timestamp="20220313 16:48:55.277" level="TRACE">Return: &lt;Response [200]&gt;</msg>
<msg timestamp="20220313 16:48:55.277" level="INFO">${response} = &lt;Response [200]&gt;</msg>
<status status="PASS" starttime="20220313 16:48:54.172" endtime="20220313 16:48:55.277"/>
</kw>
<kw name="Should Not Be Empty" library="BuiltIn">
<arg>${response.json()}</arg>
<doc>Verifies that the given item is not empty.</doc>
<msg timestamp="20220313 16:48:55.278" level="TRACE">Arguments: [ {'data': [{'email': 'dakshayani_embranthiri@dicki-brakus.org',
           'gender': 'male',
           'id': 4190,
           'name': 'Dakshayani Embranthiri',
           'status': 'inactive'},
          {'email': 'mehrotra_suryakantam@runolfsson.biz',
           'gender': 'male',
           'id': 4189,
           'name': 'Suryakantam Mehrotra',
           'status': 'active'},
          {'email': 'bhupen_shukla_rev@reichel.co',
           'gender': 'male',
           'id': 4188,
           'name': 'Rev. Bhupen Shukla',
           'status': 'active'},
          {'email': 'lld_chopra_gudakesha@padberg-braun.org',
           'gender': 'male',
           'id': 4187,
           'name': 'Gudakesha Chopra LLD',
           'status': 'active'},
          {'email': 'shukla_agrata@lueilwitz.net',
           'gender': 'female',
           'id': 4186,
           'name': 'Agrata Shukla',
           'status': 'inactive'},
          {'email': 'gautami_ms_mukhopadhyay@jones-williamson.net',
           'gender': 'male',
           'id': 4185,
           'name': 'Ms. Gautami Mukhopadhyay',
           'status': 'active'},
          {'email': 'reddy_dhanapati@stehr-wolf.com',
           'gender': 'male',
           'id': 4184,
           'name': 'Dhanapati Reddy',
           'status': 'active'},
          {'email': 'verma_surya@marks.com',
           'gender': 'male',
           'id': 4183,
           'name': 'Surya Verma',
           'status': 'inactive'},
          {'email': 'laxmi_iyer@gleichner.io',
           'gender': 'male',
           'id': 4182,
           'name': 'Laxmi Iyer',
           'status': 'inactive'},
          {'email': 'bhadraksh_shah@spencer.com',
           'gender': 'female',
           'id': 4181,
           'name': 'Bhadraksh Shah',
           'status': 'inactive'},
          {'email': 'purnima_naik@hudson.info',
           'gender': 'female',
           'id': 4180,
           'name': 'Purnima Naik',
           'status': 'active'},
          {'email': 'aaditya_chopra@casper-walter.info',
           'gender': 'male',
           'id': 4178,
           'name': 'Aaditya Chopra',
           'status': 'active'},
          {'email': 'devesh_adiga@casper-ohara.info',
           'gender': 'male',
           'id': 4177,
           'name': 'Devesh Adiga',
           'status': 'active'},
          {'email': 'pres_poornima_iyer@schaden-carroll.net',
           'gender': 'male',
           'id': 4174,
           'name': 'Pres. Poornima Iyer',
           'status': 'inactive'},
          {'email': 'varrier_dron@wiza.name',
           'gender': 'male',
           'id': 4173,
           'name': 'Dron Varrier',
           'status': 'active'},
          {'email': 'achari_ret_agrata@bruen-herman.net',
           'gender': 'male',
           'id': 4170,
           'name': 'Agrata Achari Ret.',
           'status': 'inactive'},
          {'email': 'panicker_suresh@nolan-cartwright.biz',
           'gender': 'male',
           'id': 4169,
           'name': 'Suresh Panicker',
           'status': 'inactive'},
          {'email': 'gudakesa_nambeesan@baumbach-shanahan.net',
           'gender': 'male',
           'id': 4168,
           'name': 'Gudakesa Nambeesan',
           'status': 'inactive'},
          {'email': 'the_hon_kocchar_brajesh@dickens-carter.co',
           'gender': 'female',
           'id': 4167,
           'name': 'The Hon. Brajesh Kocchar',
           'status': 'inactive'},
          {'email': 'reddy_anuja@schroeder.org',
           'gender': 'male',
           'id': 4166,
           'name': 'Anuja Reddy',
           'status': 'active'}],
 'meta': {'pagination': {'limit': 20,
                         'links': {'current': 'https://gorest.co.in/public/v1/users?page=1',
                                   'next': 'https://gorest.co.in/public/v1/users?page=2',
                                   'previous': None},
                         'page': 1,
                         'pages': 206,
                         'total': 4108}}} ]</msg>
<msg timestamp="20220313 16:48:55.280" level="INFO">Length is 2</msg>
<msg timestamp="20220313 16:48:55.280" level="TRACE">Return: None</msg>
<status status="PASS" starttime="20220313 16:48:55.277" endtime="20220313 16:48:55.280"/>
</kw>
<kw name="Status Should Be" library="RequestsLibrary">
<arg>200</arg>
<arg>${response}</arg>
<doc>Fails if response status code is different than the expected.</doc>
<msg timestamp="20220313 16:48:55.281" level="TRACE">Arguments: [ '200' | &lt;Response [200]&gt; ]</msg>
<msg timestamp="20220313 16:48:55.281" level="TRACE">Return: None</msg>
<status status="PASS" starttime="20220313 16:48:55.280" endtime="20220313 16:48:55.281"/>
</kw>
<kw name="Should Not Be Empty" library="BuiltIn">
<arg>${response.json()}${RESPONSE_TOTAL}</arg>
<doc>Verifies that the given item is not empty.</doc>
<msg timestamp="20220313 16:48:55.282" level="TRACE">Arguments: [ "{'meta': {'pagination': {'total': 4108, 'pages': 206, 'page': 1, 'limit': 20, 'links': {'previous': None, 'current': 'https://gorest.co.in/public/v1/users?page=1', 'next': 'https://gorest.co.in/public/v1/users?page=2'}}}, 'data': [{'id': 4190, 'name': 'Dakshayani Embranthiri', 'email': 'dakshayani_embranthiri@dicki-brakus.org', 'gender': 'male', 'status': 'inactive'}, {'id': 4189, 'name': 'Suryakantam Mehrotra', 'email': 'mehrotra_suryakantam@runolfsson.biz', 'gender': 'male', 'status': 'active'}, {'id': 4188, 'name': 'Rev. Bhupen Shukla', 'email': 'bhupen_shukla_rev@reichel.co', 'gender': 'male', 'status': 'active'}, {'id': 4187, 'name': 'Gudakesha Chopra LLD', 'email': 'lld_chopra_gudakesha@padberg-braun.org', 'gender': 'male', 'status': 'active'}, {'id': 4186, 'name': 'Agrata Shukla', 'email': 'shukla_agrata@lueilwitz.net', 'gender': 'female', 'status': 'inactive'}, {'id': 4185, 'name': 'Ms. Gautami Mukhopadhyay', 'email': 'gautami_ms_mukhopadhyay@jones-williamson.net', 'gender': 'male', 'status': 'active'}, {'id': 4184, 'name': 'Dhanapati Reddy', 'email': 'reddy_dhanapati@stehr-wolf.com', 'gender': 'male', 'status': 'active'}, {'id': 4183, 'name': 'Surya Verma', 'email': 'verma_surya@marks.com', 'gender': 'male', 'status': 'inactive'}, {'id': 4182, 'name': 'Laxmi Iyer', 'email': 'laxmi_iyer@gleichner.io', 'gender': 'male', 'status': 'inactive'}, {'id': 4181, 'name': 'Bhadraksh Shah', 'email': 'bhadraksh_shah@spencer.com', 'gender': 'female', 'status': 'inactive'}, {'id': 4180, 'name': 'Purnima Naik', 'email': 'purnima_naik@hudson.info', 'gender': 'female', 'status': 'active'}, {'id': 4178, 'name': 'Aaditya Chopra', 'email': 'aaditya_chopra@casper-walter.info', 'gender': 'male', 'status': 'active'}, {'id': 4177, 'name': 'Devesh Adiga', 'email': 'devesh_adiga@casper-ohara.info', 'gender': 'male', 'status': 'active'}, {'id': 4174, 'name': 'Pres. Poornima Iyer', 'email': 'pres_poornima_iyer@schaden-carroll.net', 'gender': 'male', 'status': 'inactive'}, {'id': 4173, 'name': 'Dron Varrier', 'email': 'varrier_dron@wiza.name', 'gender': 'male', 'status': 'active'}, {'id': 4170, 'name': 'Agrata Achari Ret.', 'email': 'achari_ret_agrata@bruen-herman.net', 'gender': 'male', 'status': 'inactive'}, {'id': 4169, 'name': 'Suresh Panicker', 'email': 'panicker_suresh@nolan-cartwright.biz', 'gender': 'male', 'status': 'inactive'}, {'id': 4168, 'name': 'Gudakesa Nambeesan', 'email': 'gudakesa_nambeesan@baumbach-shanahan.net', 'gender': 'male', 'status': 'inactive'}, {'id': 4167, 'name': 'The Hon. Brajesh Kocchar', 'email': 'the_hon_kocchar_brajesh@dickens-carter.co', 'gender': 'female', 'status': 'inactive'}, {'id': 4166, 'name': 'Anuja Reddy', 'email': 'reddy_anuja@schroeder.org', 'gender': 'male', 'status': 'active'}]}[meta][pagination][total]" ]</msg>
<msg timestamp="20220313 16:48:55.282" level="INFO">Length is 2780</msg>
<msg timestamp="20220313 16:48:55.282" level="TRACE">Return: None</msg>
<status status="PASS" starttime="20220313 16:48:55.281" endtime="20220313 16:48:55.282"/>
</kw>
<kw name="Should Not Be Empty" library="BuiltIn">
<arg>${response.json()}${RESPONSE_PAGES}</arg>
<doc>Verifies that the given item is not empty.</doc>
<msg timestamp="20220313 16:48:55.283" level="TRACE">Arguments: [ "{'meta': {'pagination': {'total': 4108, 'pages': 206, 'page': 1, 'limit': 20, 'links': {'previous': None, 'current': 'https://gorest.co.in/public/v1/users?page=1', 'next': 'https://gorest.co.in/public/v1/users?page=2'}}}, 'data': [{'id': 4190, 'name': 'Dakshayani Embranthiri', 'email': 'dakshayani_embranthiri@dicki-brakus.org', 'gender': 'male', 'status': 'inactive'}, {'id': 4189, 'name': 'Suryakantam Mehrotra', 'email': 'mehrotra_suryakantam@runolfsson.biz', 'gender': 'male', 'status': 'active'}, {'id': 4188, 'name': 'Rev. Bhupen Shukla', 'email': 'bhupen_shukla_rev@reichel.co', 'gender': 'male', 'status': 'active'}, {'id': 4187, 'name': 'Gudakesha Chopra LLD', 'email': 'lld_chopra_gudakesha@padberg-braun.org', 'gender': 'male', 'status': 'active'}, {'id': 4186, 'name': 'Agrata Shukla', 'email': 'shukla_agrata@lueilwitz.net', 'gender': 'female', 'status': 'inactive'}, {'id': 4185, 'name': 'Ms. Gautami Mukhopadhyay', 'email': 'gautami_ms_mukhopadhyay@jones-williamson.net', 'gender': 'male', 'status': 'active'}, {'id': 4184, 'name': 'Dhanapati Reddy', 'email': 'reddy_dhanapati@stehr-wolf.com', 'gender': 'male', 'status': 'active'}, {'id': 4183, 'name': 'Surya Verma', 'email': 'verma_surya@marks.com', 'gender': 'male', 'status': 'inactive'}, {'id': 4182, 'name': 'Laxmi Iyer', 'email': 'laxmi_iyer@gleichner.io', 'gender': 'male', 'status': 'inactive'}, {'id': 4181, 'name': 'Bhadraksh Shah', 'email': 'bhadraksh_shah@spencer.com', 'gender': 'female', 'status': 'inactive'}, {'id': 4180, 'name': 'Purnima Naik', 'email': 'purnima_naik@hudson.info', 'gender': 'female', 'status': 'active'}, {'id': 4178, 'name': 'Aaditya Chopra', 'email': 'aaditya_chopra@casper-walter.info', 'gender': 'male', 'status': 'active'}, {'id': 4177, 'name': 'Devesh Adiga', 'email': 'devesh_adiga@casper-ohara.info', 'gender': 'male', 'status': 'active'}, {'id': 4174, 'name': 'Pres. Poornima Iyer', 'email': 'pres_poornima_iyer@schaden-carroll.net', 'gender': 'male', 'status': 'inactive'}, {'id': 4173, 'name': 'Dron Varrier', 'email': 'varrier_dron@wiza.name', 'gender': 'male', 'status': 'active'}, {'id': 4170, 'name': 'Agrata Achari Ret.', 'email': 'achari_ret_agrata@bruen-herman.net', 'gender': 'male', 'status': 'inactive'}, {'id': 4169, 'name': 'Suresh Panicker', 'email': 'panicker_suresh@nolan-cartwright.biz', 'gender': 'male', 'status': 'inactive'}, {'id': 4168, 'name': 'Gudakesa Nambeesan', 'email': 'gudakesa_nambeesan@baumbach-shanahan.net', 'gender': 'male', 'status': 'inactive'}, {'id': 4167, 'name': 'The Hon. Brajesh Kocchar', 'email': 'the_hon_kocchar_brajesh@dickens-carter.co', 'gender': 'female', 'status': 'inactive'}, {'id': 4166, 'name': 'Anuja Reddy', 'email': 'reddy_anuja@schroeder.org', 'gender': 'male', 'status': 'active'}]}[meta][pagination][pages]" ]</msg>
<msg timestamp="20220313 16:48:55.283" level="INFO">Length is 2780</msg>
<msg timestamp="20220313 16:48:55.283" level="TRACE">Return: None</msg>
<status status="PASS" starttime="20220313 16:48:55.282" endtime="20220313 16:48:55.283"/>
</kw>
<kw name="Should Not Be Empty" library="BuiltIn">
<arg>${response.json()}${RESPONSE_PAGE}</arg>
<doc>Verifies that the given item is not empty.</doc>
<msg timestamp="20220313 16:48:55.284" level="TRACE">Arguments: [ "{'meta': {'pagination': {'total': 4108, 'pages': 206, 'page': 1, 'limit': 20, 'links': {'previous': None, 'current': 'https://gorest.co.in/public/v1/users?page=1', 'next': 'https://gorest.co.in/public/v1/users?page=2'}}}, 'data': [{'id': 4190, 'name': 'Dakshayani Embranthiri', 'email': 'dakshayani_embranthiri@dicki-brakus.org', 'gender': 'male', 'status': 'inactive'}, {'id': 4189, 'name': 'Suryakantam Mehrotra', 'email': 'mehrotra_suryakantam@runolfsson.biz', 'gender': 'male', 'status': 'active'}, {'id': 4188, 'name': 'Rev. Bhupen Shukla', 'email': 'bhupen_shukla_rev@reichel.co', 'gender': 'male', 'status': 'active'}, {'id': 4187, 'name': 'Gudakesha Chopra LLD', 'email': 'lld_chopra_gudakesha@padberg-braun.org', 'gender': 'male', 'status': 'active'}, {'id': 4186, 'name': 'Agrata Shukla', 'email': 'shukla_agrata@lueilwitz.net', 'gender': 'female', 'status': 'inactive'}, {'id': 4185, 'name': 'Ms. Gautami Mukhopadhyay', 'email': 'gautami_ms_mukhopadhyay@jones-williamson.net', 'gender': 'male', 'status': 'active'}, {'id': 4184, 'name': 'Dhanapati Reddy', 'email': 'reddy_dhanapati@stehr-wolf.com', 'gender': 'male', 'status': 'active'}, {'id': 4183, 'name': 'Surya Verma', 'email': 'verma_surya@marks.com', 'gender': 'male', 'status': 'inactive'}, {'id': 4182, 'name': 'Laxmi Iyer', 'email': 'laxmi_iyer@gleichner.io', 'gender': 'male', 'status': 'inactive'}, {'id': 4181, 'name': 'Bhadraksh Shah', 'email': 'bhadraksh_shah@spencer.com', 'gender': 'female', 'status': 'inactive'}, {'id': 4180, 'name': 'Purnima Naik', 'email': 'purnima_naik@hudson.info', 'gender': 'female', 'status': 'active'}, {'id': 4178, 'name': 'Aaditya Chopra', 'email': 'aaditya_chopra@casper-walter.info', 'gender': 'male', 'status': 'active'}, {'id': 4177, 'name': 'Devesh Adiga', 'email': 'devesh_adiga@casper-ohara.info', 'gender': 'male', 'status': 'active'}, {'id': 4174, 'name': 'Pres. Poornima Iyer', 'email': 'pres_poornima_iyer@schaden-carroll.net', 'gender': 'male', 'status': 'inactive'}, {'id': 4173, 'name': 'Dron Varrier', 'email': 'varrier_dron@wiza.name', 'gender': 'male', 'status': 'active'}, {'id': 4170, 'name': 'Agrata Achari Ret.', 'email': 'achari_ret_agrata@bruen-herman.net', 'gender': 'male', 'status': 'inactive'}, {'id': 4169, 'name': 'Suresh Panicker', 'email': 'panicker_suresh@nolan-cartwright.biz', 'gender': 'male', 'status': 'inactive'}, {'id': 4168, 'name': 'Gudakesa Nambeesan', 'email': 'gudakesa_nambeesan@baumbach-shanahan.net', 'gender': 'male', 'status': 'inactive'}, {'id': 4167, 'name': 'The Hon. Brajesh Kocchar', 'email': 'the_hon_kocchar_brajesh@dickens-carter.co', 'gender': 'female', 'status': 'inactive'}, {'id': 4166, 'name': 'Anuja Reddy', 'email': 'reddy_anuja@schroeder.org', 'gender': 'male', 'status': 'active'}]}[meta][pagination][page]" ]</msg>
<msg timestamp="20220313 16:48:55.285" level="INFO">Length is 2779</msg>
<msg timestamp="20220313 16:48:55.285" level="TRACE">Return: None</msg>
<status status="PASS" starttime="20220313 16:48:55.284" endtime="20220313 16:48:55.285"/>
</kw>
<tag>users</tag>
<status status="PASS" starttime="20220313 16:48:54.171" endtime="20220313 16:48:55.285"/>
</test>
<test id="s1-t2" name="Scenario: Gorest Get Users with Gherkin Style">
<kw name="Set Log Level" library="BuiltIn" type="SETUP">
<arg>TRACE</arg>
<doc>Sets the log threshold to the specified level and returns the old level.</doc>
<msg timestamp="20220313 16:48:55.286" level="TRACE">Arguments: [ 'TRACE' ]</msg>
<msg timestamp="20220313 16:48:55.286" level="INFO">Log level changed from TRACE to TRACE.</msg>
<msg timestamp="20220313 16:48:55.286" level="TRACE">Return: 'TRACE'</msg>
<status status="PASS" starttime="20220313 16:48:55.286" endtime="20220313 16:48:55.286"/>
</kw>
<kw name="Given Get Request &quot;/users&quot;" library="keyword" sourcename="Get Request &quot;${path}&quot;">
<msg timestamp="20220313 16:48:55.287" level="TRACE">Arguments: [ ${path}='/users' ]</msg>
<kw name="Log To Console" library="BuiltIn">
<arg>${BASE_URL}${path}</arg>
<doc>Logs the given message to the console.</doc>
<msg timestamp="20220313 16:48:55.287" level="TRACE">Arguments: [ 'https://gorest.co.in/public/v1/users' ]</msg>
<msg timestamp="20220313 16:48:55.287" level="TRACE">Return: None</msg>
<status status="PASS" starttime="20220313 16:48:55.287" endtime="20220313 16:48:55.287"/>
</kw>
<kw name="GET" library="RequestsLibrary">
<var>${response}</var>
<arg>${BASE_URL}${path}</arg>
<doc>Sends a GET request.</doc>
<msg timestamp="20220313 16:48:55.288" level="TRACE">Arguments: [ 'https://gorest.co.in/public/v1/users' ]</msg>
<msg timestamp="20220313 16:48:55.290" level="DEBUG">Starting new HTTPS connection (1): gorest.co.in:443</msg>
<msg timestamp="20220313 16:48:56.373" level="DEBUG">https://gorest.co.in:443 "GET /public/v1/users HTTP/1.1" 200 None</msg>
<msg timestamp="20220313 16:48:56.376" level="INFO">GET Request : url=https://gorest.co.in/public/v1/users 
 path_url=/public/v1/users 
 headers={'User-Agent': 'python-requests/2.26.0', 'Accept-Encoding': 'gzip, deflate, br', 'Accept': '*/*', 'Connection': 'keep-alive'} 
 body=None 
 </msg>
<msg timestamp="20220313 16:48:56.376" level="INFO">GET Response : url=https://gorest.co.in/public/v1/users 
 status=200, reason=OK 
 headers={'Server': 'nginx', 'Date': 'Sun, 13 Mar 2022 13:48:56 GMT', 'Content-Type': 'application/json; charset=utf-8', 'Transfer-Encoding': 'chunked', 'Connection': 'keep-alive', 'Vary': 'Accept-Encoding, Origin', 'X-Frame-Options': 'SAMEORIGIN', 'X-XSS-Protection': '0', 'X-Content-Type-Options': 'nosniff', 'X-Download-Options': 'noopen', 'X-Permitted-Cross-Domain-Policies': 'none', 'Referrer-Policy': 'strict-origin-when-cross-origin', 'ETag': 'W/"a7c0658a50e7e7431a6765fb2cbf3ba8"', 'Cache-Control': 'max-age=0, private, must-revalidate', 'X-Request-Id': 'f63a939b-81f6-4601-a3ea-e4438239bcb4', 'X-Runtime': '0.011996', 'Strict-Transport-Security': 'max-age=63072000; includeSubDomains', 'Content-Encoding': 'gzip'} 
 body={"meta":{"pagination":{"total":4108,"pages":206,"page":1,"limit":20,"links":{"previous":null,"current":"https://gorest.co.in/public/v1/users?page=1","next":"https://gorest.co.in/public/v1/users?page=2"}}},"data":[{"id":4190,"name":"Dakshayani Embranthiri","email":"dakshayani_embranthiri@dicki-brakus.org","gender":"male","status":"inactive"},{"id":4189,"name":"Suryakantam Mehrotra","email":"mehrotra_suryakantam@runolfsson.biz","gender":"male","status":"active"},{"id":4188,"name":"Rev. Bhupen Shukla","email":"bhupen_shukla_rev@reichel.co","gender":"male","status":"active"},{"id":4187,"name":"Gudakesha Chopra LLD","email":"lld_chopra_gudakesha@padberg-braun.org","gender":"male","status":"active"},{"id":4186,"name":"Agrata Shukla","email":"shukla_agrata@lueilwitz.net","gender":"female","status":"inactive"},{"id":4185,"name":"Ms. Gautami Mukhopadhyay","email":"gautami_ms_mukhopadhyay@jones-williamson.net","gender":"male","status":"active"},{"id":4184,"name":"Dhanapati Reddy","email":"reddy_dhanapati@stehr-wolf.com","gender":"male","status":"active"},{"id":4183,"name":"Surya Verma","email":"verma_surya@marks.com","gender":"male","status":"inactive"},{"id":4182,"name":"Laxmi Iyer","email":"laxmi_iyer@gleichner.io","gender":"male","status":"inactive"},{"id":4181,"name":"Bhadraksh Shah","email":"bhadraksh_shah@spencer.com","gender":"female","status":"inactive"},{"id":4180,"name":"Purnima Naik","email":"purnima_naik@hudson.info","gender":"female","status":"active"},{"id":4178,"name":"Aaditya Chopra","email":"aaditya_chopra@casper-walter.info","gender":"male","status":"active"},{"id":4177,"name":"Devesh Adiga","email":"devesh_adiga@casper-ohara.info","gender":"male","status":"active"},{"id":4174,"name":"Pres. Poornima Iyer","email":"pres_poornima_iyer@schaden-carroll.net","gender":"male","status":"inactive"},{"id":4173,"name":"Dron Varrier","email":"varrier_dron@wiza.name","gender":"male","status":"active"},{"id":4170,"name":"Agrata Achari Ret.","email":"achari_ret_agrata@bruen-herman.net","gender":"male","status":"inactive"},{"id":4169,"name":"Suresh Panicker","email":"panicker_suresh@nolan-cartwright.biz","gender":"male","status":"inactive"},{"id":4168,"name":"Gudakesa Nambeesan","email":"gudakesa_nambeesan@baumbach-shanahan.net","gender":"male","status":"inactive"},{"id":4167,"name":"The Hon. Brajesh Kocchar","email":"the_hon_kocchar_brajesh@dickens-carter.co","gender":"female","status":"inactive"},{"id":4166,"name":"Anuja Reddy","email":"reddy_anuja@schroeder.org","gender":"male","status":"active"}]} 
 </msg>
<msg timestamp="20220313 16:48:56.376" level="TRACE">Return: &lt;Response [200]&gt;</msg>
<msg timestamp="20220313 16:48:56.377" level="INFO">${response} = &lt;Response [200]&gt;</msg>
<status status="PASS" starttime="20220313 16:48:55.287" endtime="20220313 16:48:56.377"/>
</kw>
<kw name="Should Not Be Empty" library="BuiltIn">
<arg>${response.json()}</arg>
<doc>Verifies that the given item is not empty.</doc>
<msg timestamp="20220313 16:48:56.378" level="TRACE">Arguments: [ {'data': [{'email': 'dakshayani_embranthiri@dicki-brakus.org',
           'gender': 'male',
           'id': 4190,
           'name': 'Dakshayani Embranthiri',
           'status': 'inactive'},
          {'email': 'mehrotra_suryakantam@runolfsson.biz',
           'gender': 'male',
           'id': 4189,
           'name': 'Suryakantam Mehrotra',
           'status': 'active'},
          {'email': 'bhupen_shukla_rev@reichel.co',
           'gender': 'male',
           'id': 4188,
           'name': 'Rev. Bhupen Shukla',
           'status': 'active'},
          {'email': 'lld_chopra_gudakesha@padberg-braun.org',
           'gender': 'male',
           'id': 4187,
           'name': 'Gudakesha Chopra LLD',
           'status': 'active'},
          {'email': 'shukla_agrata@lueilwitz.net',
           'gender': 'female',
           'id': 4186,
           'name': 'Agrata Shukla',
           'status': 'inactive'},
          {'email': 'gautami_ms_mukhopadhyay@jones-williamson.net',
           'gender': 'male',
           'id': 4185,
           'name': 'Ms. Gautami Mukhopadhyay',
           'status': 'active'},
          {'email': 'reddy_dhanapati@stehr-wolf.com',
           'gender': 'male',
           'id': 4184,
           'name': 'Dhanapati Reddy',
           'status': 'active'},
          {'email': 'verma_surya@marks.com',
           'gender': 'male',
           'id': 4183,
           'name': 'Surya Verma',
           'status': 'inactive'},
          {'email': 'laxmi_iyer@gleichner.io',
           'gender': 'male',
           'id': 4182,
           'name': 'Laxmi Iyer',
           'status': 'inactive'},
          {'email': 'bhadraksh_shah@spencer.com',
           'gender': 'female',
           'id': 4181,
           'name': 'Bhadraksh Shah',
           'status': 'inactive'},
          {'email': 'purnima_naik@hudson.info',
           'gender': 'female',
           'id': 4180,
           'name': 'Purnima Naik',
           'status': 'active'},
          {'email': 'aaditya_chopra@casper-walter.info',
           'gender': 'male',
           'id': 4178,
           'name': 'Aaditya Chopra',
           'status': 'active'},
          {'email': 'devesh_adiga@casper-ohara.info',
           'gender': 'male',
           'id': 4177,
           'name': 'Devesh Adiga',
           'status': 'active'},
          {'email': 'pres_poornima_iyer@schaden-carroll.net',
           'gender': 'male',
           'id': 4174,
           'name': 'Pres. Poornima Iyer',
           'status': 'inactive'},
          {'email': 'varrier_dron@wiza.name',
           'gender': 'male',
           'id': 4173,
           'name': 'Dron Varrier',
           'status': 'active'},
          {'email': 'achari_ret_agrata@bruen-herman.net',
           'gender': 'male',
           'id': 4170,
           'name': 'Agrata Achari Ret.',
           'status': 'inactive'},
          {'email': 'panicker_suresh@nolan-cartwright.biz',
           'gender': 'male',
           'id': 4169,
           'name': 'Suresh Panicker',
           'status': 'inactive'},
          {'email': 'gudakesa_nambeesan@baumbach-shanahan.net',
           'gender': 'male',
           'id': 4168,
           'name': 'Gudakesa Nambeesan',
           'status': 'inactive'},
          {'email': 'the_hon_kocchar_brajesh@dickens-carter.co',
           'gender': 'female',
           'id': 4167,
           'name': 'The Hon. Brajesh Kocchar',
           'status': 'inactive'},
          {'email': 'reddy_anuja@schroeder.org',
           'gender': 'male',
           'id': 4166,
           'name': 'Anuja Reddy',
           'status': 'active'}],
 'meta': {'pagination': {'limit': 20,
                         'links': {'current': 'https://gorest.co.in/public/v1/users?page=1',
                                   'next': 'https://gorest.co.in/public/v1/users?page=2',
                                   'previous': None},
                         'page': 1,
                         'pages': 206,
                         'total': 4108}}} ]</msg>
<msg timestamp="20220313 16:48:56.380" level="INFO">Length is 2</msg>
<msg timestamp="20220313 16:48:56.380" level="TRACE">Return: None</msg>
<status status="PASS" starttime="20220313 16:48:56.377" endtime="20220313 16:48:56.380"/>
</kw>
<kw name="Log" library="BuiltIn">
<arg>${response.json()}</arg>
<doc>Logs the given message with the given level.</doc>
<msg timestamp="20220313 16:48:56.381" level="TRACE">Arguments: [ {'data': [{'email': 'dakshayani_embranthiri@dicki-brakus.org',
           'gender': 'male',
           'id': 4190,
           'name': 'Dakshayani Embranthiri',
           'status': 'inactive'},
          {'email': 'mehrotra_suryakantam@runolfsson.biz',
           'gender': 'male',
           'id': 4189,
           'name': 'Suryakantam Mehrotra',
           'status': 'active'},
          {'email': 'bhupen_shukla_rev@reichel.co',
           'gender': 'male',
           'id': 4188,
           'name': 'Rev. Bhupen Shukla',
           'status': 'active'},
          {'email': 'lld_chopra_gudakesha@padberg-braun.org',
           'gender': 'male',
           'id': 4187,
           'name': 'Gudakesha Chopra LLD',
           'status': 'active'},
          {'email': 'shukla_agrata@lueilwitz.net',
           'gender': 'female',
           'id': 4186,
           'name': 'Agrata Shukla',
           'status': 'inactive'},
          {'email': 'gautami_ms_mukhopadhyay@jones-williamson.net',
           'gender': 'male',
           'id': 4185,
           'name': 'Ms. Gautami Mukhopadhyay',
           'status': 'active'},
          {'email': 'reddy_dhanapati@stehr-wolf.com',
           'gender': 'male',
           'id': 4184,
           'name': 'Dhanapati Reddy',
           'status': 'active'},
          {'email': 'verma_surya@marks.com',
           'gender': 'male',
           'id': 4183,
           'name': 'Surya Verma',
           'status': 'inactive'},
          {'email': 'laxmi_iyer@gleichner.io',
           'gender': 'male',
           'id': 4182,
           'name': 'Laxmi Iyer',
           'status': 'inactive'},
          {'email': 'bhadraksh_shah@spencer.com',
           'gender': 'female',
           'id': 4181,
           'name': 'Bhadraksh Shah',
           'status': 'inactive'},
          {'email': 'purnima_naik@hudson.info',
           'gender': 'female',
           'id': 4180,
           'name': 'Purnima Naik',
           'status': 'active'},
          {'email': 'aaditya_chopra@casper-walter.info',
           'gender': 'male',
           'id': 4178,
           'name': 'Aaditya Chopra',
           'status': 'active'},
          {'email': 'devesh_adiga@casper-ohara.info',
           'gender': 'male',
           'id': 4177,
           'name': 'Devesh Adiga',
           'status': 'active'},
          {'email': 'pres_poornima_iyer@schaden-carroll.net',
           'gender': 'male',
           'id': 4174,
           'name': 'Pres. Poornima Iyer',
           'status': 'inactive'},
          {'email': 'varrier_dron@wiza.name',
           'gender': 'male',
           'id': 4173,
           'name': 'Dron Varrier',
           'status': 'active'},
          {'email': 'achari_ret_agrata@bruen-herman.net',
           'gender': 'male',
           'id': 4170,
           'name': 'Agrata Achari Ret.',
           'status': 'inactive'},
          {'email': 'panicker_suresh@nolan-cartwright.biz',
           'gender': 'male',
           'id': 4169,
           'name': 'Suresh Panicker',
           'status': 'inactive'},
          {'email': 'gudakesa_nambeesan@baumbach-shanahan.net',
           'gender': 'male',
           'id': 4168,
           'name': 'Gudakesa Nambeesan',
           'status': 'inactive'},
          {'email': 'the_hon_kocchar_brajesh@dickens-carter.co',
           'gender': 'female',
           'id': 4167,
           'name': 'The Hon. Brajesh Kocchar',
           'status': 'inactive'},
          {'email': 'reddy_anuja@schroeder.org',
           'gender': 'male',
           'id': 4166,
           'name': 'Anuja Reddy',
           'status': 'active'}],
 'meta': {'pagination': {'limit': 20,
                         'links': {'current': 'https://gorest.co.in/public/v1/users?page=1',
                                   'next': 'https://gorest.co.in/public/v1/users?page=2',
                                   'previous': None},
                         'page': 1,
                         'pages': 206,
                         'total': 4108}}} ]</msg>
<msg timestamp="20220313 16:48:56.382" level="INFO">{'meta': {'pagination': {'total': 4108, 'pages': 206, 'page': 1, 'limit': 20, 'links': {'previous': None, 'current': 'https://gorest.co.in/public/v1/users?page=1', 'next': 'https://gorest.co.in/public/v1/users?page=2'}}}, 'data': [{'id': 4190, 'name': 'Dakshayani Embranthiri', 'email': 'dakshayani_embranthiri@dicki-brakus.org', 'gender': 'male', 'status': 'inactive'}, {'id': 4189, 'name': 'Suryakantam Mehrotra', 'email': 'mehrotra_suryakantam@runolfsson.biz', 'gender': 'male', 'status': 'active'}, {'id': 4188, 'name': 'Rev. Bhupen Shukla', 'email': 'bhupen_shukla_rev@reichel.co', 'gender': 'male', 'status': 'active'}, {'id': 4187, 'name': 'Gudakesha Chopra LLD', 'email': 'lld_chopra_gudakesha@padberg-braun.org', 'gender': 'male', 'status': 'active'}, {'id': 4186, 'name': 'Agrata Shukla', 'email': 'shukla_agrata@lueilwitz.net', 'gender': 'female', 'status': 'inactive'}, {'id': 4185, 'name': 'Ms. Gautami Mukhopadhyay', 'email': 'gautami_ms_mukhopadhyay@jones-williamson.net', 'gender': 'male', 'status': 'active'}, {'id': 4184, 'name': 'Dhanapati Reddy', 'email': 'reddy_dhanapati@stehr-wolf.com', 'gender': 'male', 'status': 'active'}, {'id': 4183, 'name': 'Surya Verma', 'email': 'verma_surya@marks.com', 'gender': 'male', 'status': 'inactive'}, {'id': 4182, 'name': 'Laxmi Iyer', 'email': 'laxmi_iyer@gleichner.io', 'gender': 'male', 'status': 'inactive'}, {'id': 4181, 'name': 'Bhadraksh Shah', 'email': 'bhadraksh_shah@spencer.com', 'gender': 'female', 'status': 'inactive'}, {'id': 4180, 'name': 'Purnima Naik', 'email': 'purnima_naik@hudson.info', 'gender': 'female', 'status': 'active'}, {'id': 4178, 'name': 'Aaditya Chopra', 'email': 'aaditya_chopra@casper-walter.info', 'gender': 'male', 'status': 'active'}, {'id': 4177, 'name': 'Devesh Adiga', 'email': 'devesh_adiga@casper-ohara.info', 'gender': 'male', 'status': 'active'}, {'id': 4174, 'name': 'Pres. Poornima Iyer', 'email': 'pres_poornima_iyer@schaden-carroll.net', 'gender': 'male', 'status': 'inactive'}, {'id': 4173, 'name': 'Dron Varrier', 'email': 'varrier_dron@wiza.name', 'gender': 'male', 'status': 'active'}, {'id': 4170, 'name': 'Agrata Achari Ret.', 'email': 'achari_ret_agrata@bruen-herman.net', 'gender': 'male', 'status': 'inactive'}, {'id': 4169, 'name': 'Suresh Panicker', 'email': 'panicker_suresh@nolan-cartwright.biz', 'gender': 'male', 'status': 'inactive'}, {'id': 4168, 'name': 'Gudakesa Nambeesan', 'email': 'gudakesa_nambeesan@baumbach-shanahan.net', 'gender': 'male', 'status': 'inactive'}, {'id': 4167, 'name': 'The Hon. Brajesh Kocchar', 'email': 'the_hon_kocchar_brajesh@dickens-carter.co', 'gender': 'female', 'status': 'inactive'}, {'id': 4166, 'name': 'Anuja Reddy', 'email': 'reddy_anuja@schroeder.org', 'gender': 'male', 'status': 'active'}]}</msg>
<msg timestamp="20220313 16:48:56.383" level="TRACE">Return: None</msg>
<status status="PASS" starttime="20220313 16:48:56.380" endtime="20220313 16:48:56.383"/>
</kw>
<kw name="Set Global Variable" library="BuiltIn">
<arg>${response}</arg>
<doc>Makes a variable available globally in all tests and suites.</doc>
<msg timestamp="20220313 16:48:56.383" level="TRACE">Arguments: [ '${response}' ]</msg>
<msg timestamp="20220313 16:48:56.383" level="INFO">${response} = &lt;Response [200]&gt;</msg>
<msg timestamp="20220313 16:48:56.383" level="TRACE">Return: None</msg>
<status status="PASS" starttime="20220313 16:48:56.383" endtime="20220313 16:48:56.383"/>
</kw>
<msg timestamp="20220313 16:48:56.383" level="TRACE">Return: None</msg>
<status status="PASS" starttime="20220313 16:48:55.286" endtime="20220313 16:48:56.383"/>
</kw>
<kw name="When Status Code &quot;200&quot; Check" library="keyword" sourcename="Status Code &quot;${code}&quot; Check">
<msg timestamp="20220313 16:48:56.384" level="TRACE">Arguments: [ ${code}='200' ]</msg>
<kw name="Should Be Equal As Strings" library="BuiltIn">
<arg>${response.reason}</arg>
<arg>OK</arg>
<doc>Fails if objects are unequal after converting them to strings.</doc>
<msg timestamp="20220313 16:48:56.385" level="TRACE">Arguments: [ 'OK' | 'OK' ]</msg>
<msg timestamp="20220313 16:48:56.385" level="DEBUG">Argument types are:
&lt;type 'unicode'&gt;
&lt;type 'unicode'&gt;</msg>
<msg timestamp="20220313 16:48:56.385" level="TRACE">Return: None</msg>
<status status="PASS" starttime="20220313 16:48:56.384" endtime="20220313 16:48:56.385"/>
</kw>
<kw name="Status Should Be" library="RequestsLibrary">
<arg>${code}</arg>
<arg>${response}</arg>
<doc>Fails if response status code is different than the expected.</doc>
<msg timestamp="20220313 16:48:56.385" level="TRACE">Arguments: [ '200' | &lt;Response [200]&gt; ]</msg>
<msg timestamp="20220313 16:48:56.385" level="TRACE">Return: None</msg>
<status status="PASS" starttime="20220313 16:48:56.385" endtime="20220313 16:48:56.386"/>
</kw>
<msg timestamp="20220313 16:48:56.386" level="TRACE">Return: None</msg>
<status status="PASS" starttime="20220313 16:48:56.384" endtime="20220313 16:48:56.386"/>
</kw>
<kw name="Then Response Value Check" library="keyword">
<msg timestamp="20220313 16:48:56.386" level="TRACE">Arguments: [  ]</msg>
<kw name="Should Not Be Empty" library="BuiltIn">
<arg>${response.json()}${RESPONSE_TOTAL}</arg>
<doc>Verifies that the given item is not empty.</doc>
<msg timestamp="20220313 16:48:56.387" level="TRACE">Arguments: [ "{'meta': {'pagination': {'total': 4108, 'pages': 206, 'page': 1, 'limit': 20, 'links': {'previous': None, 'current': 'https://gorest.co.in/public/v1/users?page=1', 'next': 'https://gorest.co.in/public/v1/users?page=2'}}}, 'data': [{'id': 4190, 'name': 'Dakshayani Embranthiri', 'email': 'dakshayani_embranthiri@dicki-brakus.org', 'gender': 'male', 'status': 'inactive'}, {'id': 4189, 'name': 'Suryakantam Mehrotra', 'email': 'mehrotra_suryakantam@runolfsson.biz', 'gender': 'male', 'status': 'active'}, {'id': 4188, 'name': 'Rev. Bhupen Shukla', 'email': 'bhupen_shukla_rev@reichel.co', 'gender': 'male', 'status': 'active'}, {'id': 4187, 'name': 'Gudakesha Chopra LLD', 'email': 'lld_chopra_gudakesha@padberg-braun.org', 'gender': 'male', 'status': 'active'}, {'id': 4186, 'name': 'Agrata Shukla', 'email': 'shukla_agrata@lueilwitz.net', 'gender': 'female', 'status': 'inactive'}, {'id': 4185, 'name': 'Ms. Gautami Mukhopadhyay', 'email': 'gautami_ms_mukhopadhyay@jones-williamson.net', 'gender': 'male', 'status': 'active'}, {'id': 4184, 'name': 'Dhanapati Reddy', 'email': 'reddy_dhanapati@stehr-wolf.com', 'gender': 'male', 'status': 'active'}, {'id': 4183, 'name': 'Surya Verma', 'email': 'verma_surya@marks.com', 'gender': 'male', 'status': 'inactive'}, {'id': 4182, 'name': 'Laxmi Iyer', 'email': 'laxmi_iyer@gleichner.io', 'gender': 'male', 'status': 'inactive'}, {'id': 4181, 'name': 'Bhadraksh Shah', 'email': 'bhadraksh_shah@spencer.com', 'gender': 'female', 'status': 'inactive'}, {'id': 4180, 'name': 'Purnima Naik', 'email': 'purnima_naik@hudson.info', 'gender': 'female', 'status': 'active'}, {'id': 4178, 'name': 'Aaditya Chopra', 'email': 'aaditya_chopra@casper-walter.info', 'gender': 'male', 'status': 'active'}, {'id': 4177, 'name': 'Devesh Adiga', 'email': 'devesh_adiga@casper-ohara.info', 'gender': 'male', 'status': 'active'}, {'id': 4174, 'name': 'Pres. Poornima Iyer', 'email': 'pres_poornima_iyer@schaden-carroll.net', 'gender': 'male', 'status': 'inactive'}, {'id': 4173, 'name': 'Dron Varrier', 'email': 'varrier_dron@wiza.name', 'gender': 'male', 'status': 'active'}, {'id': 4170, 'name': 'Agrata Achari Ret.', 'email': 'achari_ret_agrata@bruen-herman.net', 'gender': 'male', 'status': 'inactive'}, {'id': 4169, 'name': 'Suresh Panicker', 'email': 'panicker_suresh@nolan-cartwright.biz', 'gender': 'male', 'status': 'inactive'}, {'id': 4168, 'name': 'Gudakesa Nambeesan', 'email': 'gudakesa_nambeesan@baumbach-shanahan.net', 'gender': 'male', 'status': 'inactive'}, {'id': 4167, 'name': 'The Hon. Brajesh Kocchar', 'email': 'the_hon_kocchar_brajesh@dickens-carter.co', 'gender': 'female', 'status': 'inactive'}, {'id': 4166, 'name': 'Anuja Reddy', 'email': 'reddy_anuja@schroeder.org', 'gender': 'male', 'status': 'active'}]}[meta][pagination][total]" ]</msg>
<msg timestamp="20220313 16:48:56.387" level="INFO">Length is 2780</msg>
<msg timestamp="20220313 16:48:56.387" level="TRACE">Return: None</msg>
<status status="PASS" starttime="20220313 16:48:56.386" endtime="20220313 16:48:56.387"/>
</kw>
<kw name="Should Not Be Empty" library="BuiltIn">
<arg>${response.json()}${RESPONSE_PAGES}</arg>
<doc>Verifies that the given item is not empty.</doc>
<msg timestamp="20220313 16:48:56.388" level="TRACE">Arguments: [ "{'meta': {'pagination': {'total': 4108, 'pages': 206, 'page': 1, 'limit': 20, 'links': {'previous': None, 'current': 'https://gorest.co.in/public/v1/users?page=1', 'next': 'https://gorest.co.in/public/v1/users?page=2'}}}, 'data': [{'id': 4190, 'name': 'Dakshayani Embranthiri', 'email': 'dakshayani_embranthiri@dicki-brakus.org', 'gender': 'male', 'status': 'inactive'}, {'id': 4189, 'name': 'Suryakantam Mehrotra', 'email': 'mehrotra_suryakantam@runolfsson.biz', 'gender': 'male', 'status': 'active'}, {'id': 4188, 'name': 'Rev. Bhupen Shukla', 'email': 'bhupen_shukla_rev@reichel.co', 'gender': 'male', 'status': 'active'}, {'id': 4187, 'name': 'Gudakesha Chopra LLD', 'email': 'lld_chopra_gudakesha@padberg-braun.org', 'gender': 'male', 'status': 'active'}, {'id': 4186, 'name': 'Agrata Shukla', 'email': 'shukla_agrata@lueilwitz.net', 'gender': 'female', 'status': 'inactive'}, {'id': 4185, 'name': 'Ms. Gautami Mukhopadhyay', 'email': 'gautami_ms_mukhopadhyay@jones-williamson.net', 'gender': 'male', 'status': 'active'}, {'id': 4184, 'name': 'Dhanapati Reddy', 'email': 'reddy_dhanapati@stehr-wolf.com', 'gender': 'male', 'status': 'active'}, {'id': 4183, 'name': 'Surya Verma', 'email': 'verma_surya@marks.com', 'gender': 'male', 'status': 'inactive'}, {'id': 4182, 'name': 'Laxmi Iyer', 'email': 'laxmi_iyer@gleichner.io', 'gender': 'male', 'status': 'inactive'}, {'id': 4181, 'name': 'Bhadraksh Shah', 'email': 'bhadraksh_shah@spencer.com', 'gender': 'female', 'status': 'inactive'}, {'id': 4180, 'name': 'Purnima Naik', 'email': 'purnima_naik@hudson.info', 'gender': 'female', 'status': 'active'}, {'id': 4178, 'name': 'Aaditya Chopra', 'email': 'aaditya_chopra@casper-walter.info', 'gender': 'male', 'status': 'active'}, {'id': 4177, 'name': 'Devesh Adiga', 'email': 'devesh_adiga@casper-ohara.info', 'gender': 'male', 'status': 'active'}, {'id': 4174, 'name': 'Pres. Poornima Iyer', 'email': 'pres_poornima_iyer@schaden-carroll.net', 'gender': 'male', 'status': 'inactive'}, {'id': 4173, 'name': 'Dron Varrier', 'email': 'varrier_dron@wiza.name', 'gender': 'male', 'status': 'active'}, {'id': 4170, 'name': 'Agrata Achari Ret.', 'email': 'achari_ret_agrata@bruen-herman.net', 'gender': 'male', 'status': 'inactive'}, {'id': 4169, 'name': 'Suresh Panicker', 'email': 'panicker_suresh@nolan-cartwright.biz', 'gender': 'male', 'status': 'inactive'}, {'id': 4168, 'name': 'Gudakesa Nambeesan', 'email': 'gudakesa_nambeesan@baumbach-shanahan.net', 'gender': 'male', 'status': 'inactive'}, {'id': 4167, 'name': 'The Hon. Brajesh Kocchar', 'email': 'the_hon_kocchar_brajesh@dickens-carter.co', 'gender': 'female', 'status': 'inactive'}, {'id': 4166, 'name': 'Anuja Reddy', 'email': 'reddy_anuja@schroeder.org', 'gender': 'male', 'status': 'active'}]}[meta][pagination][pages]" ]</msg>
<msg timestamp="20220313 16:48:56.388" level="INFO">Length is 2780</msg>
<msg timestamp="20220313 16:48:56.388" level="TRACE">Return: None</msg>
<status status="PASS" starttime="20220313 16:48:56.388" endtime="20220313 16:48:56.389"/>
</kw>
<kw name="Should Not Be Empty" library="BuiltIn">
<arg>${response.json()}${RESPONSE_PAGE}</arg>
<doc>Verifies that the given item is not empty.</doc>
<msg timestamp="20220313 16:48:56.389" level="TRACE">Arguments: [ "{'meta': {'pagination': {'total': 4108, 'pages': 206, 'page': 1, 'limit': 20, 'links': {'previous': None, 'current': 'https://gorest.co.in/public/v1/users?page=1', 'next': 'https://gorest.co.in/public/v1/users?page=2'}}}, 'data': [{'id': 4190, 'name': 'Dakshayani Embranthiri', 'email': 'dakshayani_embranthiri@dicki-brakus.org', 'gender': 'male', 'status': 'inactive'}, {'id': 4189, 'name': 'Suryakantam Mehrotra', 'email': 'mehrotra_suryakantam@runolfsson.biz', 'gender': 'male', 'status': 'active'}, {'id': 4188, 'name': 'Rev. Bhupen Shukla', 'email': 'bhupen_shukla_rev@reichel.co', 'gender': 'male', 'status': 'active'}, {'id': 4187, 'name': 'Gudakesha Chopra LLD', 'email': 'lld_chopra_gudakesha@padberg-braun.org', 'gender': 'male', 'status': 'active'}, {'id': 4186, 'name': 'Agrata Shukla', 'email': 'shukla_agrata@lueilwitz.net', 'gender': 'female', 'status': 'inactive'}, {'id': 4185, 'name': 'Ms. Gautami Mukhopadhyay', 'email': 'gautami_ms_mukhopadhyay@jones-williamson.net', 'gender': 'male', 'status': 'active'}, {'id': 4184, 'name': 'Dhanapati Reddy', 'email': 'reddy_dhanapati@stehr-wolf.com', 'gender': 'male', 'status': 'active'}, {'id': 4183, 'name': 'Surya Verma', 'email': 'verma_surya@marks.com', 'gender': 'male', 'status': 'inactive'}, {'id': 4182, 'name': 'Laxmi Iyer', 'email': 'laxmi_iyer@gleichner.io', 'gender': 'male', 'status': 'inactive'}, {'id': 4181, 'name': 'Bhadraksh Shah', 'email': 'bhadraksh_shah@spencer.com', 'gender': 'female', 'status': 'inactive'}, {'id': 4180, 'name': 'Purnima Naik', 'email': 'purnima_naik@hudson.info', 'gender': 'female', 'status': 'active'}, {'id': 4178, 'name': 'Aaditya Chopra', 'email': 'aaditya_chopra@casper-walter.info', 'gender': 'male', 'status': 'active'}, {'id': 4177, 'name': 'Devesh Adiga', 'email': 'devesh_adiga@casper-ohara.info', 'gender': 'male', 'status': 'active'}, {'id': 4174, 'name': 'Pres. Poornima Iyer', 'email': 'pres_poornima_iyer@schaden-carroll.net', 'gender': 'male', 'status': 'inactive'}, {'id': 4173, 'name': 'Dron Varrier', 'email': 'varrier_dron@wiza.name', 'gender': 'male', 'status': 'active'}, {'id': 4170, 'name': 'Agrata Achari Ret.', 'email': 'achari_ret_agrata@bruen-herman.net', 'gender': 'male', 'status': 'inactive'}, {'id': 4169, 'name': 'Suresh Panicker', 'email': 'panicker_suresh@nolan-cartwright.biz', 'gender': 'male', 'status': 'inactive'}, {'id': 4168, 'name': 'Gudakesa Nambeesan', 'email': 'gudakesa_nambeesan@baumbach-shanahan.net', 'gender': 'male', 'status': 'inactive'}, {'id': 4167, 'name': 'The Hon. Brajesh Kocchar', 'email': 'the_hon_kocchar_brajesh@dickens-carter.co', 'gender': 'female', 'status': 'inactive'}, {'id': 4166, 'name': 'Anuja Reddy', 'email': 'reddy_anuja@schroeder.org', 'gender': 'male', 'status': 'active'}]}[meta][pagination][page]" ]</msg>
<msg timestamp="20220313 16:48:56.390" level="INFO">Length is 2779</msg>
<msg timestamp="20220313 16:48:56.390" level="TRACE">Return: None</msg>
<status status="PASS" starttime="20220313 16:48:56.389" endtime="20220313 16:48:56.390"/>
</kw>
<msg timestamp="20220313 16:48:56.390" level="TRACE">Return: None</msg>
<status status="PASS" starttime="20220313 16:48:56.386" endtime="20220313 16:48:56.390"/>
</kw>
<tag>users</tag>
<status status="PASS" starttime="20220313 16:48:55.285" endtime="20220313 16:48:56.390"/>
</test>
<doc>Firefly Case Study</doc>
<status status="PASS" starttime="20220313 16:48:53.939" endtime="20220313 16:48:56.391"/>
</suite>
<statistics>
<total>
<stat pass="2" fail="0" skip="0">All Tests</stat>
</total>
<tag>
<stat pass="2" fail="0" skip="0">users</stat>
</tag>
<suite>
<stat pass="2" fail="0" skip="0" id="s1" name="GorestUsers">GorestUsers</stat>
</suite>
</statistics>
<errors>
</errors>
</robot>
